<?xml version="1.0" encoding="UTF-8"?>
<!-- Generated by org.testng.reporters.JUnitReportReporter -->
<testsuite skipped="0" hostname="IN-PG02NMEC" name="tests.BaseTest" tests="1" failures="0" timestamp="12 Feb 2022 07:44:09 GMT" time="5.768" errors="0">
  <testcase name="teat1" time="5.768" classname="tests.BaseTest"/>
</testsuite> <!-- tests.BaseTest -->
