<?xml version="1.0" encoding="UTF-8"?>
<!-- Generated by org.testng.reporters.JUnitReportReporter -->
<testsuite skipped="0" hostname="IN-PG02NMEC" name="runner.AnimateOptionTestRunner" tests="2" failures="0" timestamp="2022-03-16T11:54:19 IST" time="20.309" errors="0">
  <testcase name="feature" time="9.423" classname="runner.AnimateOptionTestRunner"/>
  <system-out/>
  <testcase name="feature" time="10.886" classname="runner.AnimateOptionTestRunner"/>
  <system-out/>
</testsuite> <!-- runner.AnimateOptionTestRunner -->
