<?xml version="1.0" encoding="UTF-8"?>
<!-- Generated by org.testng.reporters.JUnitReportReporter -->
<testsuite hostname="IN-PG02NMEC" failures="0" tests="1" name="runner.TextOptionTestRunner" time="14.329" errors="0" timestamp="2022-03-18T15:26:18 IST" skipped="0">
  <testcase classname="runner.TextOptionTestRunner" name="feature" time="14.329"/>
  <system-out/>
</testsuite> <!-- runner.TextOptionTestRunner -->
