<?xml version="1.0" encoding="UTF-8"?>
<!-- Generated by org.testng.reporters.JUnitReportReporter -->
<testsuite skipped="0" hostname="IN-PG02NMEC" name="runner.GraphicsOptionTestRunner" tests="4" failures="0" timestamp="2022-03-16T14:24:53 IST" time="42.953" errors="0">
  <testcase name="feature" time="12.733" classname="runner.GraphicsOptionTestRunner"/>
  <system-out/>
  <testcase name="feature" time="9.698" classname="runner.GraphicsOptionTestRunner"/>
  <system-out/>
  <testcase name="feature" time="10.533" classname="runner.GraphicsOptionTestRunner"/>
  <system-out/>
  <testcase name="feature" time="9.989" classname="runner.GraphicsOptionTestRunner"/>
  <system-out/>
</testsuite> <!-- runner.GraphicsOptionTestRunner -->
